Traceback (most recent call last):
Traceback (most recent call last):
  File "<frozen runpy>", line 198, in _run_module_as_main
  File "<frozen runpy>", line 198, in _run_module_as_main
  File "<frozen runpy>", line 88, in _run_code
  File "<frozen runpy>", line 88, in _run_code
  File "/work/home/cryoem666/xyf/temp/pycharm/PerturbNova/src/perturbnova/cli/train.py", line 33, in <module>
  File "/work/home/cryoem666/xyf/temp/pycharm/PerturbNova/src/perturbnova/cli/train.py", line 33, in <module>
    main()
    main()
  File "/work/home/cryoem666/xyf/temp/pycharm/PerturbNova/src/perturbnova/cli/train.py", line 19, in main
  File "/work/home/cryoem666/xyf/temp/pycharm/PerturbNova/src/perturbnova/cli/train.py", line 19, in main
    config = load_train_config(args.config)
    config = load_train_config(args.config)
             ^^^^^^^^^^^^^^^^^^^^^^^^^^^^^^
  File "/work/home/cryoem666/xyf/temp/pycharm/PerturbNova/src/perturbnova/config.py", line 243, in load_train_config
             ^^^^^^^^^^^^^^^^^^^^^^^^^^^^^^
  File "/work/home/cryoem666/xyf/temp/pycharm/PerturbNova/src/perturbnova/config.py", line 243, in load_train_config
    config = _load_toml_with_bases(path)
             ^^^^^^^^^^^^^^^^^^^^^^^^^^^
  File "/work/home/cryoem666/xyf/temp/pycharm/PerturbNova/src/perturbnova/config.py", line 291, in _load_toml_with_bases
    config = _load_toml_with_bases(path)
             ^^^^^^^^^^^^^^^^^^^^^^^^^^^
  File "/work/home/cryoem666/xyf/temp/pycharm/PerturbNova/src/perturbnova/config.py", line 291, in _load_toml_with_bases
    merged = _deep_merge(merged, _load_toml_with_bases(base_path, visited))
                                 ^^^^^^^^^^^^^^^^^^^^^^^^^^^^^^^^^^^^^^^^^
  File "/work/home/cryoem666/xyf/temp/pycharm/PerturbNova/src/perturbnova/config.py", line 291, in _load_toml_with_bases
    merged = _deep_merge(merged, _load_toml_with_bases(base_path, visited))
    merged = _deep_merge(merged, _load_toml_with_bases(base_path, visited))
                                 ^^^^^^^^^^^^^^^^^^^^^^^^^^^^^^^^^^^^^^^^^
                                 ^^^^^^^^^^^^^^^^^^^^^^^^^^^^^^^^^^^^^^^^^
  File "/work/home/cryoem666/xyf/temp/pycharm/PerturbNova/src/perturbnova/config.py", line 291, in _load_toml_with_bases
  File "/work/home/cryoem666/xyf/temp/pycharm/PerturbNova/src/perturbnova/config.py", line 291, in _load_toml_with_bases
Traceback (most recent call last):
  File "<frozen runpy>", line 198, in _run_module_as_main
  File "<frozen runpy>", line 88, in _run_code
  File "/work/home/cryoem666/xyf/temp/pycharm/PerturbNova/src/perturbnova/cli/train.py", line 33, in <module>
    merged = _deep_merge(merged, _load_toml_with_bases(base_path, visited))
                                 ^^^^^^^^^^^^^^^^^^^^^^^^^^^^^^^^^^^^^^^^^
  File "/work/home/cryoem666/xyf/temp/pycharm/PerturbNova/src/perturbnova/config.py", line 279, in _load_toml_with_bases
    main()
    merged = _deep_merge(merged, _load_toml_with_bases(base_path, visited))
  File "/work/home/cryoem666/xyf/temp/pycharm/PerturbNova/src/perturbnova/cli/train.py", line 19, in main
                                 ^^^^^^^^^^^^^^^^^^^^^^^^^^^^^^^^^^^^^^^^^
  File "/work/home/cryoem666/xyf/temp/pycharm/PerturbNova/src/perturbnova/config.py", line 291, in _load_toml_with_bases
    config = load_train_config(args.config)
    current = _load_toml(path)
             ^^^^^^^^^^^^^^^^^^^^^^^^^^^^^^
  File "/work/home/cryoem666/xyf/temp/pycharm/PerturbNova/src/perturbnova/config.py", line 243, in load_train_config
              ^^^^^^^^^^^^^^^^
  File "/work/home/cryoem666/xyf/temp/pycharm/PerturbNova/src/perturbnova/config.py", line 228, in _load_toml
    config = _load_toml_with_bases(path)
             ^^^^^^^^^^^^^^^^^^^^^^^^^^^
  File "/work/home/cryoem666/xyf/temp/pycharm/PerturbNova/src/perturbnova/config.py", line 291, in _load_toml_with_bases
    merged = _deep_merge(merged, _load_toml_with_bases(base_path, visited))
    return tomllib.load(handle)
           ^^^^^^^^^^^^^^^^^^^^
  File "/work/home/cryoem666/miniconda3/envs/my_state/lib/python3.12/tomllib/_parser.py", line 66, in load
                                 ^^^^^^^^^^^^^^^^^^^^^^^^^^^^^^^^^^^^^^^^^
  File "/work/home/cryoem666/xyf/temp/pycharm/PerturbNova/src/perturbnova/config.py", line 279, in _load_toml_with_bases
    merged = _deep_merge(merged, _load_toml_with_bases(base_path, visited))
                                 ^^^^^^^^^^^^^^^^^^^^^^^^^^^^^^^^^^^^^^^^^
  File "/work/home/cryoem666/xyf/temp/pycharm/PerturbNova/src/perturbnova/config.py", line 291, in _load_toml_with_bases
    merged = _deep_merge(merged, _load_toml_with_bases(base_path, visited))
    current = _load_toml(path)
                                 ^^^^^^^^^^^^^^^^^^^^^^^^^^^^^^^^^^^^^^^^^
  File "/work/home/cryoem666/xyf/temp/pycharm/PerturbNova/src/perturbnova/config.py", line 291, in _load_toml_with_bases
              ^^^^^^^^^^^^^^^^
  File "/work/home/cryoem666/xyf/temp/pycharm/PerturbNova/src/perturbnova/config.py", line 228, in _load_toml
    merged = _deep_merge(merged, _load_toml_with_bases(base_path, visited))
                                 ^^^^^^^^^^^^^^^^^^^^^^^^^^^^^^^^^^^^^^^^^
  File "/work/home/cryoem666/xyf/temp/pycharm/PerturbNova/src/perturbnova/config.py", line 279, in _load_toml_with_bases
    current = _load_toml(path)
    return tomllib.load(handle)
              ^^^^^^^^^^^^^^^^
  File "/work/home/cryoem666/xyf/temp/pycharm/PerturbNova/src/perturbnova/config.py", line 228, in _load_toml
           ^^^^^^^^^^^^^^^^^^^^
  File "/work/home/cryoem666/miniconda3/envs/my_state/lib/python3.12/tomllib/_parser.py", line 66, in load
    return tomllib.load(handle)
           ^^^^^^^^^^^^^^^^^^^^
  File "/work/home/cryoem666/miniconda3/envs/my_state/lib/python3.12/tomllib/_parser.py", line 66, in load
Traceback (most recent call last):
  File "<frozen runpy>", line 198, in _run_module_as_main
  File "<frozen runpy>", line 88, in _run_code
  File "/work/home/cryoem666/xyf/temp/pycharm/PerturbNova/src/perturbnova/cli/train.py", line 33, in <module>
    main()
  File "/work/home/cryoem666/xyf/temp/pycharm/PerturbNova/src/perturbnova/cli/train.py", line 19, in main
    config = load_train_config(args.config)
             ^^^^^^^^^^^^^^^^^^^^^^^^^^^^^^
  File "/work/home/cryoem666/xyf/temp/pycharm/PerturbNova/src/perturbnova/config.py", line 243, in load_train_config
    config = _load_toml_with_bases(path)
             ^^^^^^^^^^^^^^^^^^^^^^^^^^^
  File "/work/home/cryoem666/xyf/temp/pycharm/PerturbNova/src/perturbnova/config.py", line 291, in _load_toml_with_bases
    merged = _deep_merge(merged, _load_toml_with_bases(base_path, visited))
                                 ^^^^^^^^^^^^^^^^^^^^^^^^^^^^^^^^^^^^^^^^^
  File "/work/home/cryoem666/xyf/temp/pycharm/PerturbNova/src/perturbnova/config.py", line 291, in _load_toml_with_bases
    merged = _deep_merge(merged, _load_toml_with_bases(base_path, visited))
                                 ^^^^^^^^^^^^^^^^^^^^^^^^^^^^^^^^^^^^^^^^^
  File "/work/home/cryoem666/xyf/temp/pycharm/PerturbNova/src/perturbnova/config.py", line 291, in _load_toml_with_bases
    merged = _deep_merge(merged, _load_toml_with_bases(base_path, visited))
                                 ^^^^^^^^^^^^^^^^^^^^^^^^^^^^^^^^^^^^^^^^^
  File "/work/home/cryoem666/xyf/temp/pycharm/PerturbNova/src/perturbnova/config.py", line 279, in _load_toml_with_bases
    current = _load_toml(path)
              ^^^^^^^^^^^^^^^^
  File "/work/home/cryoem666/xyf/temp/pycharm/PerturbNova/src/perturbnova/config.py", line 228, in _load_toml
    return tomllib.load(handle)
           ^^^^^^^^^^^^^^^^^^^^
  File "/work/home/cryoem666/miniconda3/envs/my_state/lib/python3.12/tomllib/_parser.py", line 66, in load
    return loads(s, parse_float=parse_float)
    return loads(s, parse_float=parse_float)
           ^^^^^^^^^^^^^^^^^^^^^^^^^^^^^^^^^
    return loads(s, parse_float=parse_float)
  File "/work/home/cryoem666/miniconda3/envs/my_state/lib/python3.12/tomllib/_parser.py", line 113, in loads
    return loads(s, parse_float=parse_float)
           ^^^^^^^^^^^^^^^^^^^^^^^^^^^^^^^^^
           ^^^^^^^^^^^^^^^^^^^^^^^^^^^^^^^^^
  File "/work/home/cryoem666/miniconda3/envs/my_state/lib/python3.12/tomllib/_parser.py", line 113, in loads
  File "/work/home/cryoem666/miniconda3/envs/my_state/lib/python3.12/tomllib/_parser.py", line 113, in loads
           ^^^^^^^^^^^^^^^^^^^^^^^^^^^^^^^^^
  File "/work/home/cryoem666/miniconda3/envs/my_state/lib/python3.12/tomllib/_parser.py", line 113, in loads
    pos, header = create_dict_rule(src, pos, out)
                  ^^^^^^^^^^^^^^^^^^^^^^^^^^^^^^^
  File "/work/home/cryoem666/miniconda3/envs/my_state/lib/python3.12/tomllib/_parser.py", line 290, in create_dict_rule
    pos, header = create_dict_rule(src, pos, out)
    pos, header = create_dict_rule(src, pos, out)
    pos, header = create_dict_rule(src, pos, out)
    raise suffixed_err(src, pos, f"Cannot declare {key} twice")
                  ^^^^^^^^^^^^^^^^^^^^^^^^^^^^^^^
                  ^^^^^^^^^^^^^^^^^^^^^^^^^^^^^^^
  File "/work/home/cryoem666/miniconda3/envs/my_state/lib/python3.12/tomllib/_parser.py", line 290, in create_dict_rule
                  ^^^^^^^^^^^^^^^^^^^^^^^^^^^^^^^
  File "/work/home/cryoem666/miniconda3/envs/my_state/lib/python3.12/tomllib/_parser.py", line 290, in create_dict_rule
tomllib.TOMLDecodeError: Cannot declare ('optimization',) twice (at line 43, column 14)
  File "/work/home/cryoem666/miniconda3/envs/my_state/lib/python3.12/tomllib/_parser.py", line 290, in create_dict_rule
    raise suffixed_err(src, pos, f"Cannot declare {key} twice")
    raise suffixed_err(src, pos, f"Cannot declare {key} twice")
tomllib.TOMLDecodeError: Cannot declare ('optimization',) twice (at line 43, column 14)
    raise suffixed_err(src, pos, f"Cannot declare {key} twice")
tomllib.TOMLDecodeError: Cannot declare ('optimization',) twice (at line 43, column 14)
tomllib.TOMLDecodeError: Cannot declare ('optimization',) twice (at line 43, column 14)
